cat ~/SCHED.txt | dzen2 -ta c -sa l -bg "#dbd9c5" -fg "#2a2a2a" -fn "Fira Code" -l 7 -h 32 -p -w 564 -x 1944 -y 8
Ctrl+C or enter kills dzen instances.Traceback (most recent call last):
  File "/mnt/nvme/apps/mine/dzen-blocks/dzen-blocks.py", line 126, in <module>
    input("Ctrl+C or enter kills dzen instances.")
OSError: [Errno 9] Bad file descriptor
X connection to :1 broken (explicit kill or server shutdown).
X connection to :1 broken (explicit kill or server shutdown).
X connection to :1 broken (explicit kill or server shutdown).
X connection to :1 broken (explicit kill or server shutdown).
X connection to :1 broken (explicit kill or server shutdown).
X connection to :1 broken (explicit kill or server shutdown).
cmus-remote: cmus is not running
cmus-remote: cmus is not running
cmus-remote: cmus is not running
cmus-remote: cmus is not running
cmus-remote: cmus is not running
cmus-remote: cmus is not running
cmus-remote: cmus is not running
cmus-remote: cmus is not running
cmus-remote: cmus is not running
cmus-remote: cmus is not running
cmus-remote: cmus is not running
cmus-remote: cmus is not running
cmus-remote: cmus is not running
cmus-remote: cmus is not running
cmus-remote: cmus is not running
cmus-remote: cmus is not running
cmus-remote: cmus is not running
cmus-remote: cmus is not running
cmus-remote: cmus is not running
cmus-remote: cmus is not running
cmus-remote: cmus is not running
cmus-remote: cmus is not running
cmus-remote: cmus is not running
cmus-remote: cmus is not running
cmus-remote: cmus is not running
cmus-remote: cmus is not running
cmus-remote: cmus is not running
cmus-remote: cmus is not running
cmus-remote: cmus is not running
cmus-remote: cmus is not running
cmus-remote: cmus is not running
cmus-remote: cmus is not running
cmus-remote: cmus is not running
cmus-remote: cmus is not running
cmus-remote: cmus is not running
cmus-remote: cmus is not running
cmus-remote: cmus is not running
cmus-remote: cmus is not running
cmus-remote: cmus is not running
cmus-remote: cmus is not running
cmus-remote: cmus is not running
cmus-remote: cmus is not running
cmus-remote: cmus is not running
cmus-remote: cmus is not running
cmus-remote: cmus is not running
cmus-remote: cmus is not running
cmus-remote: cmus is not running
cmus-remote: cmus is not running
cmus-remote: cmus is not running
cmus-remote: cmus is not running
cmus-remote: cmus is not running
cmus-remote: cmus is not running
cmus-remote: cmus is not running
cmus-remote: cmus is not running
cmus-remote: cmus is not running
cmus-remote: cmus is not running
cmus-remote: cmus is not running
cmus-remote: cmus is not running
cmus-remote: cmus is not running
cmus-remote: cmus is not running
cmus-remote: cmus is not running
cmus-remote: cmus is not running
cmus-remote: cmus is not running
cmus-remote: cmus is not running
cmus-remote: cmus is not running
cmus-remote: cmus is not running
cmus-remote: cmus is not running
cmus-remote: cmus is not running
cmus-remote: cmus is not running
cmus-remote: cmus is not running
cmus-remote: cmus is not running
cmus-remote: cmus is not running
cmus-remote: cmus is not running
cmus-remote: cmus is not running
cmus-remote: cmus is not running
cmus-remote: cmus is not running
cmus-remote: cmus is not running
cmus-remote: cmus is not running
cmus-remote: cmus is not running
cmus-remote: cmus is not running
cmus-remote: cmus is not running
cmus-remote: cmus is not running
cmus-remote: cmus is not running
cmus-remote: cmus is not running
cmus-remote: cmus is not running
cmus-remote: cmus is not running
cmus-remote: cmus is not running
cmus-remote: cmus is not running
cmus-remote: cmus is not running
cmus-remote: cmus is not running
cmus-remote: cmus is not running
cmus-remote: cmus is not running
cmus-remote: cmus is not running
cmus-remote: cmus is not running
cmus-remote: cmus is not running
cmus-remote: cmus is not running
cmus-remote: cmus is not running
cmus-remote: cmus is not running
cmus-remote: cmus is not running
cmus-remote: cmus is not running
cmus-remote: cmus is not running
cmus-remote: cmus is not running
cmus-remote: cmus is not running
cmus-remote: cmus is not running
cmus-remote: cmus is not running
cmus-remote: cmus is not running
cmus-remote: cmus is not running
cmus-remote: cmus is not running
cmus-remote: cmus is not running
cmus-remote: cmus is not running
cmus-remote: cmus is not running
cmus-remote: cmus is not running
cmus-remote: cmus is not running
cmus-remote: cmus is not running
cmus-remote: cmus is not running
cmus-remote: cmus is not running
cmus-remote: cmus is not running
cmus-remote: cmus is not running
cmus-remote: cmus is not running
cmus-remote: cmus is not running
cmus-remote: cmus is not running
cmus-remote: cmus is not running
cmus-remote: cmus is not running
cmus-remote: cmus is not running
cmus-remote: cmus is not running
cmus-remote: cmus is not running
cmus-remote: cmus is not running
cmus-remote: cmus is not running
cmus-remote: cmus is not running
cmus-remote: cmus is not running
cmus-remote: cmus is not running
cmus-remote: cmus is not running
cmus-remote: cmus is not running
cmus-remote: cmus is not running
cmus-remote: cmus is not running
cmus-remote: cmus is not running
cmus-remote: cmus is not running
cmus-remote: cmus is not running
cmus-remote: cmus is not running
cmus-remote: cmus is not running
cmus-remote: cmus is not running
cmus-remote: cmus is not running
cmus-remote: cmus is not running
cmus-remote: cmus is not running
cmus-remote: cmus is not running
cmus-remote: cmus is not running
cmus-remote: cmus is not running
cmus-remote: cmus is not running
cmus-remote: cmus is not running
cmus-remote: cmus is not running
cmus-remote: cmus is not running
cmus-remote: cmus is not running
cmus-remote: cmus is not running
cmus-remote: cmus is not running
cmus-remote: cmus is not running
cmus-remote: cmus is not running
cmus-remote: cmus is not running
cmus-remote: cmus is not running
cmus-remote: cmus is not running
cmus-remote: cmus is not running
cmus-remote: cmus is not running
cmus-remote: cmus is not running
cmus-remote: cmus is not running
cmus-remote: cmus is not running
cmus-remote: cmus is not running
cmus-remote: cmus is not running
cmus-remote: cmus is not running
cmus-remote: cmus is not running
cmus-remote: cmus is not running
cmus-remote: cmus is not running
cmus-remote: cmus is not running
cmus-remote: cmus is not running
cmus-remote: cmus is not running
cmus-remote: cmus is not running
cmus-remote: cmus is not running
cmus-remote: cmus is not running
cmus-remote: cmus is not running
cmus-remote: cmus is not running
cmus-remote: cmus is not running
cmus-remote: cmus is not running
cmus-remote: cmus is not running
cmus-remote: cmus is not running
cmus-remote: cmus is not running
cmus-remote: cmus is not running
cmus-remote: cmus is not running
cmus-remote: cmus is not running
cmus-remote: cmus is not running
cmus-remote: cmus is not running
cmus-remote: cmus is not running
cmus-remote: cmus is not running
cmus-remote: cmus is not running
cmus-remote: cmus is not running
cmus-remote: cmus is not running
cmus-remote: cmus is not running
cmus-remote: cmus is not running
cmus-remote: cmus is not running
cmus-remote: cmus is not running
cmus-remote: cmus is not running
cmus-remote: cmus is not running
cmus-remote: cmus is not running
cmus-remote: cmus is not running
cmus-remote: cmus is not running
cmus-remote: cmus is not running
cmus-remote: cmus is not running
cmus-remote: cmus is not running
cmus-remote: cmus is not running
cmus-remote: cmus is not running
cmus-remote: cmus is not running
cmus-remote: cmus is not running
cmus-remote: cmus is not running
cmus-remote: cmus is not running
cmus-remote: cmus is not running
cmus-remote: cmus is not running
cmus-remote: cmus is not running
cmus-remote: cmus is not running
cmus-remote: cmus is not running
cmus-remote: cmus is not running
cmus-remote: cmus is not running
cmus-remote: cmus is not running
cmus-remote: cmus is not running
cmus-remote: cmus is not running
cmus-remote: cmus is not running
cmus-remote: cmus is not running
cmus-remote: cmus is not running
cmus-remote: cmus is not running
cmus-remote: cmus is not running
cmus-remote: cmus is not running
cmus-remote: cmus is not running
cmus-remote: cmus is not running
cmus-remote: cmus is not running
cmus-remote: cmus is not running
cmus-remote: cmus is not running
cmus-remote: cmus is not running
cmus-remote: cmus is not running
cmus-remote: cmus is not running
cmus-remote: cmus is not running
cmus-remote: cmus is not running
cmus-remote: cmus is not running
cmus-remote: cmus is not running
cmus-remote: cmus is not running
cmus-remote: cmus is not running
cmus-remote: cmus is not running
cmus-remote: cmus is not running
cmus-remote: cmus is not running
cmus-remote: cmus is not running
cmus-remote: cmus is not running
cmus-remote: cmus is not running
cmus-remote: cmus is not running
cmus-remote: cmus is not running
cmus-remote: cmus is not running
cmus-remote: cmus is not running
cmus-remote: cmus is not running
cmus-remote: cmus is not running
cmus-remote: cmus is not running
cmus-remote: cmus is not running
cmus-remote: cmus is not running
cmus-remote: cmus is not running
cmus-remote: cmus is not running
cmus-remote: cmus is not running
cmus-remote: cmus is not running
cmus-remote: cmus is not running
cmus-remote: cmus is not running
cmus-remote: cmus is not running
cmus-remote: cmus is not running
cmus-remote: cmus is not running
cmus-remote: cmus is not running
cmus-remote: cmus is not running
cmus-remote: cmus is not running
cmus-remote: cmus is not running
cmus-remote: cmus is not running
cmus-remote: cmus is not running
cmus-remote: cmus is not running
cmus-remote: cmus is not running
cmus-remote: cmus is not running
cmus-remote: cmus is not running
cmus-remote: cmus is not running
cmus-remote: cmus is not running
cmus-remote: cmus is not running
cmus-remote: cmus is not running
cmus-remote: cmus is not running
cmus-remote: cmus is not running
cmus-remote: cmus is not running
cmus-remote: cmus is not running
cmus-remote: cmus is not running
cmus-remote: cmus is not running
cmus-remote: cmus is not running
cmus-remote: cmus is not running
cmus-remote: cmus is not running
cmus-remote: cmus is not running
cmus-remote: cmus is not running
cmus-remote: cmus is not running
cmus-remote: cmus is not running
cmus-remote: cmus is not running
cmus-remote: cmus is not running
cmus-remote: cmus is not running
cmus-remote: cmus is not running
cmus-remote: cmus is not running
cmus-remote: cmus is not running
cmus-remote: cmus is not running
cmus-remote: cmus is not running
cmus-remote: cmus is not running
cmus-remote: cmus is not running
cmus-remote: cmus is not running
cmus-remote: cmus is not running
cmus-remote: cmus is not running
cmus-remote: cmus is not running
cmus-remote: cmus is not running
cmus-remote: cmus is not running
cmus-remote: cmus is not running
cmus-remote: cmus is not running
cmus-remote: cmus is not running
cmus-remote: cmus is not running
cmus-remote: cmus is not running
cmus-remote: cmus is not running
cmus-remote: cmus is not running
cmus-remote: cmus is not running
cmus-remote: cmus is not running
cmus-remote: cmus is not running
cmus-remote: cmus is not running
cmus-remote: cmus is not running
cmus-remote: cmus is not running
cmus-remote: cmus is not running
cmus-remote: cmus is not running
cmus-remote: cmus is not running
cmus-remote: cmus is not running
cmus-remote: cmus is not running
cmus-remote: cmus is not running
cmus-remote: cmus is not running
cmus-remote: cmus is not running
cmus-remote: cmus is not running
cmus-remote: cmus is not running
cmus-remote: cmus is not running
cmus-remote: cmus is not running
cmus-remote: cmus is not running
cmus-remote: cmus is not running
cmus-remote: cmus is not running
cmus-remote: cmus is not running
cmus-remote: cmus is not running
cmus-remote: cmus is not running
cmus-remote: cmus is not running
cmus-remote: cmus is not running
cmus-remote: cmus is not running
cmus-remote: cmus is not running
cmus-remote: cmus is not running
cmus-remote: cmus is not running
cmus-remote: cmus is not running
cmus-remote: cmus is not running
cmus-remote: cmus is not running
cmus-remote: cmus is not running
cmus-remote: cmus is not running
cmus-remote: cmus is not running
cmus-remote: cmus is not running
cmus-remote: cmus is not running
cmus-remote: cmus is not running
cmus-remote: cmus is not running
cmus-remote: cmus is not running
cmus-remote: cmus is not running
cmus-remote: cmus is not running
cmus-remote: cmus is not running
cmus-remote: cmus is not running
cmus-remote: cmus is not running
cmus-remote: cmus is not running
cmus-remote: cmus is not running
cmus-remote: cmus is not running
cmus-remote: cmus is not running
cmus-remote: cmus is not running
cmus-remote: cmus is not running
cmus-remote: cmus is not running
cmus-remote: cmus is not running
cmus-remote: cmus is not running
cmus-remote: cmus is not running
cmus-remote: cmus is not running
cmus-remote: cmus is not running
cmus-remote: cmus is not running
cmus-remote: cmus is not running
cmus-remote: cmus is not running
cmus-remote: cmus is not running
cmus-remote: cmus is not running
